<beans xmlns="http://www.springframework.org/schema/beans"
       xmlns:xsi="http://www.w3.org/2001/XMLSchema-instance" 
 	   xmlns:jaxrs-client="http://cxf.apache.org/jaxrs-client"
       xsi:schemaLocation="
       	http://www.springframework.org/schema/beans http://www.springframework.org/schema/beans/spring-beans.xsd
        http://cxf.apache.org/jaxrs-client http://cxf.apache.org/schemas/jaxrs-client.xsd">

	<jaxrs-client:client 
		id="restClient" 
		address="http://localhost:8765/services/rest/signature/one-document" 
		serviceClass="eu.europa.esig.dss.signature.RestDocumentSignatureService">
		
		<jaxrs-client:providers>
			<bean class="com.fasterxml.jackson.jaxrs.json.JacksonJsonProvider" />
		</jaxrs-client:providers>
		
	</jaxrs-client:client>
	
	<jaxrs-client:client 
		id="restMultiDocumentsClient" 
		address="http://localhost:8765/services/rest/signature/multiple-documents" 
		serviceClass="eu.europa.esig.dss.signature.RestMultipleDocumentSignatureService">
		
		<jaxrs-client:providers>
			<bean class="com.fasterxml.jackson.jaxrs.json.JacksonJsonProvider" />
		</jaxrs-client:providers>
		
	</jaxrs-client:client>

</beans>