<beans xmlns="http://www.springframework.org/schema/beans"
       xmlns:xsi="http://www.w3.org/2001/XMLSchema-instance" 
 	   xmlns:jaxrs-client="http://cxf.apache.org/jaxrs-client"
       xsi:schemaLocation="
       	http://www.springframework.org/schema/beans http://www.springframework.org/schema/beans/spring-beans.xsd
		http://cxf.apache.org/jaxrs-client http://cxf.apache.org/schemas/jaxrs-client.xsd">

	<jaxrs-client:client 
		id="remoteToken" 
		address="http://localhost:8080/services/rest/server-signing" 
		serviceClass="eu.europa.esig.dss.token.RestSignatureTokenConnection">
		
		<jaxrs-client:providers>
			<bean class="com.fasterxml.jackson.jaxrs.json.JacksonJsonProvider" />
		</jaxrs-client:providers>
		
	</jaxrs-client:client>

</beans>